mmu-let-7a-1	GRCm38_13_48537979_48538472_-	AACAAA	333	338
mmu-let-7a-1	GRCm38_13_48537979_48538472_-	AAGAAC	330	335
mmu-let-7a-1	GRCm38_13_48537979_48538472_-	AAGGAG	136	141
mmu-let-7a-1	GRCm38_13_48537979_48538472_-	AGGAAA	119	124
mmu-let-7a-1	GRCm38_13_48537979_48538472_-	AGGAAA	322	327
mmu-let-7a-1	GRCm38_13_48537979_48538472_-	AGGAGA	137	142
mmu-let-7a-1	GRCm38_13_48537979_48538472_-	CAGGAA	118	123
mmu-let-7a-1	GRCm38_13_48537979_48538472_-	CCGGAA	125	130
mmu-let-7a-1	GRCm38_13_48537979_48538472_-	GAGAAC	139	144
mmu-let-7a-1	GRCm38_13_48537979_48538472_-	GGGAGA	254	259
mmu-let-7a-2	GRCm38_9_41536516_41537011_+	AACCAG	49	54
mmu-let-7a-2	GRCm38_9_41536516_41537011_+	AAGAAC	309	314
mmu-let-7a-2	GRCm38_9_41536516_41537011_+	AAGCAA	297	302
mmu-let-7a-2	GRCm38_9_41536516_41537011_+	AAGGGA	250	255
mmu-let-7a-2	GRCm38_9_41536516_41537011_+	ACGAGC	313	318
mmu-let-7a-2	GRCm38_9_41536516_41537011_+	ACGGAG	35	40
mmu-let-7a-2	GRCm38_9_41536516_41537011_+	AGGGAA	346	351
mmu-let-7a-2	GRCm38_9_41536516_41537011_+	AGGGAG	251	256
mmu-let-7a-2	GRCm38_9_41536516_41537011_+	CAGAGC	163	168
mmu-let-7a-2	GRCm38_9_41536516_41537011_+	CAGCCA	188	193
mmu-let-7a-2	GRCm38_9_41536516_41537011_+	CCAGCC	187	192
mmu-let-7a-2	GRCm38_9_41536516_41537011_+	CCGGGC	329	334
mmu-let-7a-2	GRCm38_9_41536516_41537011_+	CGGAGC	36	41
mmu-let-7a-2	GRCm38_9_41536516_41537011_+	GAGCAA	38	43
mmu-let-7a-2	GRCm38_9_41536516_41537011_+	GCAGAG	162	167
mmu-let-7a-2	GRCm38_9_41536516_41537011_+	GGGAAG	347	352
mmu-let-7a-2	GRCm38_9_41536516_41537011_+	GGGAGA	252	257
mmu-mir-155	GRCm38_16_84713940_84714404_+	AACAAA	296	301
mmu-mir-155	GRCm38_16_84713940_84714404_+	AACCAG	121	126
mmu-mir-155	GRCm38_16_84713940_84714404_+	AAGGCC	270	275
mmu-mir-155	GRCm38_16_84713940_84714404_+	AAGGGG	128	133
mmu-mir-155	GRCm38_16_84713940_84714404_+	AGGAAG	125	130
mmu-mir-155	GRCm38_16_84713940_84714404_+	AGGGGA	129	134
mmu-mir-155	GRCm38_16_84713940_84714404_+	CAGCAG	450	455
mmu-mir-155	GRCm38_16_84713940_84714404_+	CAGGAA	124	129
mmu-mir-155	GRCm38_16_84713940_84714404_+	GGGAAG	131	136
mmu-mir-155	GRCm38_16_84713940_84714404_+	GGGAGG	312	317
mmu-mir-29a	GRCm38_6_31062460_31062947_-	AACAAA	348	353
mmu-mir-29a	GRCm38_6_31062460_31062947_-	AAGAAA	344	349
mmu-mir-29a	GRCm38_6_31062460_31062947_-	AAGACC	139	144
mmu-mir-29a	GRCm38_6_31062460_31062947_-	AAGAGC	287	292
mmu-mir-29a	GRCm38_6_31062460_31062947_-	AAGGCC	163	168
mmu-mir-29a	GRCm38_6_31062460_31062947_-	AGAGGA	207	212
mmu-mir-29a	GRCm38_6_31062460_31062947_-	CAGAGC	10	15
mmu-mir-29a	GRCm38_6_31062460_31062947_-	GAGCAC	289	294
mmu-mir-29a	GRCm38_6_31062460_31062947_-	GAGCCA	326	331
mmu-mir-29a	GRCm38_6_31062460_31062947_-	GGGAAG	284	289
mmu-mir-34c	GRCm38_9_51102834_51103310_-	AAGAGC	16	21
mmu-mir-34c	GRCm38_9_51102834_51103310_-	AAGGCA	103	108
mmu-mir-34c	GRCm38_9_51102834_51103310_-	AAGGCC	7	12
mmu-mir-34c	GRCm38_9_51102834_51103310_-	AGGAAG	13	18
mmu-mir-34c	GRCm38_9_51102834_51103310_-	AGGCAG	104	109
mmu-mir-34c	GRCm38_9_51102834_51103310_-	AGGCAG	212	217
mmu-mir-34c	GRCm38_9_51102834_51103310_-	AGGGAA	333	338
mmu-mir-34c	GRCm38_9_51102834_51103310_-	CAGAAC	39	44
mmu-mir-34c	GRCm38_9_51102834_51103310_-	CAGAGC	324	329
mmu-mir-34c	GRCm38_9_51102834_51103310_-	CAGCCA	259	264
mmu-mir-34c	GRCm38_9_51102834_51103310_-	CAGCGA	107	112
mmu-mir-34c	GRCm38_9_51102834_51103310_-	CAGGAA	12	17
mmu-mir-34c	GRCm38_9_51102834_51103310_-	GAGAAA	88	93
mmu-mir-34c	GRCm38_9_51102834_51103310_-	GAGAGC	165	170
mmu-mir-34c	GRCm38_9_51102834_51103310_-	GAGCAC	167	172
mmu-mir-34c	GRCm38_9_51102834_51103310_-	GAGCCA	326	331
mmu-mir-34c	GRCm38_9_51102834_51103310_-	GGGAAA	334	339
mmu-mir-34c	GRCm38_9_51102834_51103310_-	GGGAAC	377	382
mmu-mir-9-1	GRCm38_3_88215398_88215886_+	AAGAAA	458	463
mmu-mir-9-1	GRCm38_3_88215398_88215886_+	AAGAAG	466	471
mmu-mir-9-1	GRCm38_3_88215398_88215886_+	AAGAGG	177	182
mmu-mir-9-1	GRCm38_3_88215398_88215886_+	AAGCAA	462	467
mmu-mir-9-1	GRCm38_3_88215398_88215886_+	AAGCCG	469	474
mmu-mir-9-1	GRCm38_3_88215398_88215886_+	ACGCGC	104	109
mmu-mir-9-1	GRCm38_3_88215398_88215886_+	ACGGAG	142	147
mmu-mir-9-1	GRCm38_3_88215398_88215886_+	AGAGGA	178	183
mmu-mir-9-1	GRCm38_3_88215398_88215886_+	AGGAGG	180	185
mmu-mir-9-1	GRCm38_3_88215398_88215886_+	AGGAGG	183	188
mmu-mir-9-1	GRCm38_3_88215398_88215886_+	AGGAGG	194	199
mmu-mir-9-1	GRCm38_3_88215398_88215886_+	AGGAGG	333	338
mmu-mir-9-1	GRCm38_3_88215398_88215886_+	AGGCGG	152	157
mmu-mir-9-1	GRCm38_3_88215398_88215886_+	AGGCGG	186	191
mmu-mir-9-1	GRCm38_3_88215398_88215886_+	AGGCGG	197	202
mmu-mir-9-1	GRCm38_3_88215398_88215886_+	AGGGAG	336	341
mmu-mir-9-1	GRCm38_3_88215398_88215886_+	AGGGGG	382	387
mmu-mir-9-1	GRCm38_3_88215398_88215886_+	CAGAAC	9	14
mmu-mir-9-1	GRCm38_3_88215398_88215886_+	CAGAGG	298	303
mmu-mir-9-1	GRCm38_3_88215398_88215886_+	CAGCCC	411	416
mmu-mir-9-1	GRCm38_3_88215398_88215886_+	CAGGAG	193	198
mmu-mir-9-1	GRCm38_3_88215398_88215886_+	CAGGAG	332	337
mmu-mir-9-1	GRCm38_3_88215398_88215886_+	CAGGCG	151	156
mmu-mir-9-1	GRCm38_3_88215398_88215886_+	CAGGCG	350	355
mmu-mir-9-1	GRCm38_3_88215398_88215886_+	CCGAGC	324	329
mmu-mir-9-1	GRCm38_3_88215398_88215886_+	CCGAGC	415	420
mmu-mir-9-1	GRCm38_3_88215398_88215886_+	CCGCAA	438	443
mmu-mir-9-1	GRCm38_3_88215398_88215886_+	CCGGGA	161	166
mmu-mir-9-1	GRCm38_3_88215398_88215886_+	CGGAGG	143	148
mmu-mir-9-1	GRCm38_3_88215398_88215886_+	CGGCGG	18	23
mmu-mir-9-1	GRCm38_3_88215398_88215886_+	CGGGAG	162	167
mmu-mir-9-1	GRCm38_3_88215398_88215886_+	GAGAGC	339	344
mmu-mir-9-1	GRCm38_3_88215398_88215886_+	GAGCCA	417	422
mmu-mir-9-1	GRCm38_3_88215398_88215886_+	GAGCCG	341	346
mmu-mir-9-1	GRCm38_3_88215398_88215886_+	GAGCGA	127	132
mmu-mir-9-1	GRCm38_3_88215398_88215886_+	GAGGAG	179	184
mmu-mir-9-1	GRCm38_3_88215398_88215886_+	GAGGAG	182	187
mmu-mir-9-1	GRCm38_3_88215398_88215886_+	GAGGGA	335	340
mmu-mir-9-1	GRCm38_3_88215398_88215886_+	GAGGGC	300	305
mmu-mir-9-1	GRCm38_3_88215398_88215886_+	GAGGGC	369	374
mmu-mir-9-1	GRCm38_3_88215398_88215886_+	GAGGGG	381	386
mmu-mir-9-1	GRCm38_3_88215398_88215886_+	GCAGAG	297	302
mmu-mir-9-1	GRCm38_3_88215398_88215886_+	GCGCAG	295	300
mmu-mir-9-1	GRCm38_3_88215398_88215886_+	GCGGGG	199	204
mmu-mir-9-1	GRCm38_3_88215398_88215886_+	GGGAAG	455	460
mmu-mir-9-1	GRCm38_3_88215398_88215886_+	GGGAGA	337	342
mmu-mir-9-1	GRCm38_3_88215398_88215886_+	GGGAGG	163	168
mmu-mir-9-1	GRCm38_3_88215398_88215886_+	GGGAGG	379	384
mmu-mir-9-1	GRCm38_3_88215398_88215886_+	GGGGAG	378	383
mmu-mir-9-2	GRCm38_13_83738614_83739085_+	AACCAG	331	336
mmu-mir-9-2	GRCm38_13_83738614_83739085_+	AACCAG	68	73
mmu-mir-9-2	GRCm38_13_83738614_83739085_+	AAGAAA	302	307
mmu-mir-9-2	GRCm38_13_83738614_83739085_+	AAGAAA	397	402
mmu-mir-9-2	GRCm38_13_83738614_83739085_+	AAGACA	60	65
mmu-mir-9-2	GRCm38_13_83738614_83739085_+	AAGAGA	318	323
mmu-mir-9-2	GRCm38_13_83738614_83739085_+	AAGAGG	144	149
mmu-mir-9-2	GRCm38_13_83738614_83739085_+	AAGCGA	194	199
mmu-mir-9-2	GRCm38_13_83738614_83739085_+	AAGGAG	89	94
mmu-mir-9-2	GRCm38_13_83738614_83739085_+	AAGGCA	176	181
mmu-mir-9-2	GRCm38_13_83738614_83739085_+	AAGGGG	430	435
mmu-mir-9-2	GRCm38_13_83738614_83739085_+	ACGCGG	103	108
mmu-mir-9-2	GRCm38_13_83738614_83739085_+	AGAGGA	145	150
mmu-mir-9-2	GRCm38_13_83738614_83739085_+	AGAGGA	171	176
mmu-mir-9-2	GRCm38_13_83738614_83739085_+	AGAGGA	464	469
mmu-mir-9-2	GRCm38_13_83738614_83739085_+	AGGAAC	288	293
mmu-mir-9-2	GRCm38_13_83738614_83739085_+	AGGAAG	173	178
mmu-mir-9-2	GRCm38_13_83738614_83739085_+	AGGAGA	466	471
mmu-mir-9-2	GRCm38_13_83738614_83739085_+	AGGAGA	90	95
mmu-mir-9-2	GRCm38_13_83738614_83739085_+	AGGCAG	177	182
mmu-mir-9-2	GRCm38_13_83738614_83739085_+	AGGGAA	190	195
mmu-mir-9-2	GRCm38_13_83738614_83739085_+	AGGGGC	431	436
mmu-mir-9-2	GRCm38_13_83738614_83739085_+	AGGGGC	446	451
mmu-mir-9-2	GRCm38_13_83738614_83739085_+	CACGCA	412	417
mmu-mir-9-2	GRCm38_13_83738614_83739085_+	CAGAAA	334	339
mmu-mir-9-2	GRCm38_13_83738614_83739085_+	CAGAAA	64	69
mmu-mir-9-2	GRCm38_13_83738614_83739085_+	CAGAGG	170	175
mmu-mir-9-2	GRCm38_13_83738614_83739085_+	CAGCCA	166	171
mmu-mir-9-2	GRCm38_13_83738614_83739085_+	CAGGAA	343	348
mmu-mir-9-2	GRCm38_13_83738614_83739085_+	CCGAGG	285	290
mmu-mir-9-2	GRCm38_13_83738614_83739085_+	CCGGAA	297	302
mmu-mir-9-2	GRCm38_13_83738614_83739085_+	CGGAGG	118	123
mmu-mir-9-2	GRCm38_13_83738614_83739085_+	GAGAAG	92	97
mmu-mir-9-2	GRCm38_13_83738614_83739085_+	GAGAGG	463	468
mmu-mir-9-2	GRCm38_13_83738614_83739085_+	GAGGAA	172	177
mmu-mir-9-2	GRCm38_13_83738614_83739085_+	GAGGAA	287	292
mmu-mir-9-2	GRCm38_13_83738614_83739085_+	GAGGAG	465	470
mmu-mir-9-2	GRCm38_13_83738614_83739085_+	GAGGGA	189	194
mmu-mir-9-2	GRCm38_13_83738614_83739085_+	GAGGGG	445	450
mmu-mir-9-2	GRCm38_13_83738614_83739085_+	GGGAAG	191	196
mmu-mir-9-3	GRCm38_7_79505064_79505553_+	AAGGGA	30	35
mmu-mir-9-3	GRCm38_7_79505064_79505553_+	ACGGAG	382	387
mmu-mir-9-3	GRCm38_7_79505064_79505553_+	AGAGGA	338	343
mmu-mir-9-3	GRCm38_7_79505064_79505553_+	AGGAAG	27	32
mmu-mir-9-3	GRCm38_7_79505064_79505553_+	AGGAGC	331	336
mmu-mir-9-3	GRCm38_7_79505064_79505553_+	AGGAGC	340	345
mmu-mir-9-3	GRCm38_7_79505064_79505553_+	AGGGAG	23	28
mmu-mir-9-3	GRCm38_7_79505064_79505553_+	AGGGAG	31	36
mmu-mir-9-3	GRCm38_7_79505064_79505553_+	AGGGCG	17	22
mmu-mir-9-3	GRCm38_7_79505064_79505553_+	CAGAGA	347	352
mmu-mir-9-3	GRCm38_7_79505064_79505553_+	CAGAGC	244	249
mmu-mir-9-3	GRCm38_7_79505064_79505553_+	CAGAGG	337	342
mmu-mir-9-3	GRCm38_7_79505064_79505553_+	CAGCGG	182	187
mmu-mir-9-3	GRCm38_7_79505064_79505553_+	CAGGAG	330	335
mmu-mir-9-3	GRCm38_7_79505064_79505553_+	CAGGGA	366	371
mmu-mir-9-3	GRCm38_7_79505064_79505553_+	CCGCGC	141	146
mmu-mir-9-3	GRCm38_7_79505064_79505553_+	CCGGCC	310	315
mmu-mir-9-3	GRCm38_7_79505064_79505553_+	CCGGCC	314	319
mmu-mir-9-3	GRCm38_7_79505064_79505553_+	CCGGGA	396	401
mmu-mir-9-3	GRCm38_7_79505064_79505553_+	CGGAGC	383	388
mmu-mir-9-3	GRCm38_7_79505064_79505553_+	CGGCAG	179	184
mmu-mir-9-3	GRCm38_7_79505064_79505553_+	CGGCGG	152	157
mmu-mir-9-3	GRCm38_7_79505064_79505553_+	CGGCGG	155	160
mmu-mir-9-3	GRCm38_7_79505064_79505553_+	CGGGAG	117	122
mmu-mir-9-3	GRCm38_7_79505064_79505553_+	CGGGAG	54	59
mmu-mir-9-3	GRCm38_7_79505064_79505553_+	GACCAG	400	405
mmu-mir-9-3	GRCm38_7_79505064_79505553_+	GAGAAA	6	11
mmu-mir-9-3	GRCm38_7_79505064_79505553_+	GAGAAG	349	354
mmu-mir-9-3	GRCm38_7_79505064_79505553_+	GAGCCA	333	338
mmu-mir-9-3	GRCm38_7_79505064_79505553_+	GAGCCG	246	251
mmu-mir-9-3	GRCm38_7_79505064_79505553_+	GAGCGG	120	125
mmu-mir-9-3	GRCm38_7_79505064_79505553_+	GAGCGG	385	390
mmu-mir-9-3	GRCm38_7_79505064_79505553_+	GAGGAA	26	31
mmu-mir-9-3	GRCm38_7_79505064_79505553_+	GAGGAG	339	344
mmu-mir-9-3	GRCm38_7_79505064_79505553_+	GAGGCA	448	453
mmu-mir-9-3	GRCm38_7_79505064_79505553_+	GAGGGA	22	27
mmu-mir-9-3	GRCm38_7_79505064_79505553_+	GAGGGC	16	21
mmu-mir-9-3	GRCm38_7_79505064_79505553_+	GCGAGG	14	19
mmu-mir-9-3	GRCm38_7_79505064_79505553_+	GCGAGG	20	25
mmu-mir-9-3	GRCm38_7_79505064_79505553_+	GCGCCG	143	148
mmu-mir-9-3	GRCm38_7_79505064_79505553_+	GCGCGG	176	181
mmu-mir-9-3	GRCm38_7_79505064_79505553_+	GCGGAG	122	127
mmu-mir-9-3	GRCm38_7_79505064_79505553_+	GCGGCG	154	159
mmu-mir-9-3	GRCm38_7_79505064_79505553_+	GCGGGA	116	121
mmu-mir-9-3	GRCm38_7_79505064_79505553_+	GCGGGA	53	58
mmu-mir-9-3	GRCm38_7_79505064_79505553_+	GGGAGC	118	123
mmu-mir-9-3	GRCm38_7_79505064_79505553_+	GGGAGC	32	37
mmu-mir-9-3	GRCm38_7_79505064_79505553_+	GGGAGG	199	204
mmu-mir-9-3	GRCm38_7_79505064_79505553_+	GGGAGG	24	29
mmu-mir-99b	GRCm38_17_17829988_17830457_+	AAGACA	404	409
mmu-mir-99b	GRCm38_17_17829988_17830457_+	AAGAGG	107	112
mmu-mir-99b	GRCm38_17_17829988_17830457_+	AAGGGA	49	54
mmu-mir-99b	GRCm38_17_17829988_17830457_+	AGGAAG	401	406
mmu-mir-99b	GRCm38_17_17829988_17830457_+	AGGAAG	54	59
mmu-mir-99b	GRCm38_17_17829988_17830457_+	AGGAGA	414	419
mmu-mir-99b	GRCm38_17_17829988_17830457_+	AGGAGG	166	171
mmu-mir-99b	GRCm38_17_17829988_17830457_+	AGGAGG	384	389
mmu-mir-99b	GRCm38_17_17829988_17830457_+	AGGAGG	75	80
mmu-mir-99b	GRCm38_17_17829988_17830457_+	AGGGAG	18	23
mmu-mir-99b	GRCm38_17_17829988_17830457_+	AGGGAG	50	55
mmu-mir-99b	GRCm38_17_17829988_17830457_+	AGGGAG	71	76
mmu-mir-99b	GRCm38_17_17829988_17830457_+	AGGGGG	110	115
mmu-mir-99b	GRCm38_17_17829988_17830457_+	AGGGGG	169	174
mmu-mir-99b	GRCm38_17_17829988_17830457_+	CCGAGG	411	416
mmu-mir-99b	GRCm38_17_17829988_17830457_+	CCGCGC	363	368
mmu-mir-99b	GRCm38_17_17829988_17830457_+	CCGGCC	299	304
mmu-mir-99b	GRCm38_17_17829988_17830457_+	CCGGGC	372	377
mmu-mir-99b	GRCm38_17_17829988_17830457_+	GAGGAA	400	405
mmu-mir-99b	GRCm38_17_17829988_17830457_+	GAGGAA	53	58
mmu-mir-99b	GRCm38_17_17829988_17830457_+	GAGGAG	165	170
mmu-mir-99b	GRCm38_17_17829988_17830457_+	GAGGAG	413	418
mmu-mir-99b	GRCm38_17_17829988_17830457_+	GAGGAG	74	79
mmu-mir-99b	GRCm38_17_17829988_17830457_+	GAGGGA	17	22
mmu-mir-99b	GRCm38_17_17829988_17830457_+	GAGGGA	70	75
mmu-mir-99b	GRCm38_17_17829988_17830457_+	GAGGGC	21	26
mmu-mir-99b	GRCm38_17_17829988_17830457_+	GAGGGC	77	82
mmu-mir-99b	GRCm38_17_17829988_17830457_+	GAGGGG	109	114
mmu-mir-99b	GRCm38_17_17829988_17830457_+	GAGGGG	168	173
mmu-mir-99b	GRCm38_17_17829988_17830457_+	GCGGGG	225	230
mmu-mir-99b	GRCm38_17_17829988_17830457_+	GGGAGG	15	20
mmu-mir-99b	GRCm38_17_17829988_17830457_+	GGGAGG	163	168
mmu-mir-99b	GRCm38_17_17829988_17830457_+	GGGAGG	19	24
mmu-mir-99b	GRCm38_17_17829988_17830457_+	GGGAGG	51	56
mmu-mir-99b	GRCm38_17_17829988_17830457_+	GGGAGG	72	77
mmu-mir-99b	GRCm38_17_17829988_17830457_+	GGGGAG	162	167
